2026-02-25 09:52:14.0951 - INFO - graphrag.api.index - Initializing indexing pipeline...
2026-02-25 09:52:14.0951 - INFO - graphrag.index.workflows.factory - Creating pipeline with workflows: ['load_input_documents', 'create_base_text_units', 'create_final_documents', 'extract_graph', 'finalize_graph', 'extract_covariates', 'create_communities', 'create_final_text_units', 'create_community_reports', 'generate_text_embeddings']
2026-02-25 09:52:14.0968 - INFO - graphrag.index.run.run_pipeline - Running standard indexing.
2026-02-25 09:52:14.0983 - INFO - graphrag.index.run.run_pipeline - Executing pipeline...
2026-02-25 09:52:16.0007 - INFO - graphrag.index.workflows.load_input_documents - Final # of rows loaded: 50
2026-02-25 09:52:16.0722 - INFO - graphrag.api.index - Workflow load_input_documents completed successfully
2026-02-25 09:52:16.0762 - DEBUG - graphrag.api.index -                                                   id  ... human_readable_id
0  2ab37a0f6daa9813db86f8f68f9e019f62b4445ffdb954...  ...                 0
1  b2821a2febdc31004a6fd19c78f6e7e069a214a256a91f...  ...                 1
2  aafd6df8d9c805aab0ae5bb067605a045c93f2dcda3ae7...  ...                 2
3  837f89a02c13ffba531f0cbc191cfb656399feacce5ff6...  ...                 3
4  b2d30eab4272b7039a24ef745e39d9cc98ea2c3eab1cf7...  ...                 4

[5 rows x 6 columns]
2026-02-25 09:52:16.0769 - INFO - graphrag.index.workflows.create_base_text_units - Workflow started: create_base_text_units
2026-02-25 09:52:23.0334 - INFO - graphrag.index.workflows.create_base_text_units - Starting chunking process for 50 documents
2026-02-25 09:52:24.0043 - INFO - graphrag.index.workflows.create_base_text_units - chunker progress:  1/50
2026-02-25 09:52:24.0082 - INFO - graphrag.index.workflows.create_base_text_units - chunker progress:  2/50
2026-02-25 09:52:24.0279 - INFO - graphrag.index.workflows.create_base_text_units - chunker progress:  3/50
2026-02-25 09:52:24.0543 - INFO - graphrag.index.workflows.create_base_text_units - chunker progress:  4/50
2026-02-25 09:52:24.0593 - INFO - graphrag.index.workflows.create_base_text_units - chunker progress:  5/50
2026-02-25 09:52:24.0993 - INFO - graphrag.index.workflows.create_base_text_units - chunker progress:  6/50
2026-02-25 09:52:25.0055 - INFO - graphrag.index.workflows.create_base_text_units - chunker progress:  7/50
2026-02-25 09:52:25.0067 - INFO - graphrag.index.workflows.create_base_text_units - chunker progress:  8/50
2026-02-25 09:52:25.0077 - INFO - graphrag.index.workflows.create_base_text_units - chunker progress:  9/50
2026-02-25 09:52:25.0088 - INFO - graphrag.index.workflows.create_base_text_units - chunker progress:  10/50
2026-02-25 09:52:25.0104 - INFO - graphrag.index.workflows.create_base_text_units - chunker progress:  11/50
2026-02-25 09:52:25.0116 - INFO - graphrag.index.workflows.create_base_text_units - chunker progress:  12/50
2026-02-25 09:52:25.0129 - INFO - graphrag.index.workflows.create_base_text_units - chunker progress:  13/50
2026-02-25 09:52:25.0146 - INFO - graphrag.index.workflows.create_base_text_units - chunker progress:  14/50
2026-02-25 09:52:25.0158 - INFO - graphrag.index.workflows.create_base_text_units - chunker progress:  15/50
2026-02-25 09:52:25.0187 - INFO - graphrag.index.workflows.create_base_text_units - chunker progress:  16/50
2026-02-25 09:52:25.0198 - INFO - graphrag.index.workflows.create_base_text_units - chunker progress:  17/50
2026-02-25 09:52:25.0230 - INFO - graphrag.index.workflows.create_base_text_units - chunker progress:  18/50
2026-02-25 09:52:25.0240 - INFO - graphrag.index.workflows.create_base_text_units - chunker progress:  19/50
2026-02-25 09:52:25.0249 - INFO - graphrag.index.workflows.create_base_text_units - chunker progress:  20/50
2026-02-25 09:52:25.0261 - INFO - graphrag.index.workflows.create_base_text_units - chunker progress:  21/50
2026-02-25 09:52:25.0273 - INFO - graphrag.index.workflows.create_base_text_units - chunker progress:  22/50
2026-02-25 09:52:25.0285 - INFO - graphrag.index.workflows.create_base_text_units - chunker progress:  23/50
2026-02-25 09:52:25.0295 - INFO - graphrag.index.workflows.create_base_text_units - chunker progress:  24/50
2026-02-25 09:52:25.0322 - INFO - graphrag.index.workflows.create_base_text_units - chunker progress:  25/50
2026-02-25 09:52:25.0352 - INFO - graphrag.index.workflows.create_base_text_units - chunker progress:  26/50
2026-02-25 09:52:25.0379 - INFO - graphrag.index.workflows.create_base_text_units - chunker progress:  27/50
2026-02-25 09:52:25.0409 - INFO - graphrag.index.workflows.create_base_text_units - chunker progress:  28/50
2026-02-25 09:52:25.0437 - INFO - graphrag.index.workflows.create_base_text_units - chunker progress:  29/50
2026-02-25 09:52:25.0446 - INFO - graphrag.index.workflows.create_base_text_units - chunker progress:  30/50
2026-02-25 09:52:25.0456 - INFO - graphrag.index.workflows.create_base_text_units - chunker progress:  31/50
2026-02-25 09:52:25.0465 - INFO - graphrag.index.workflows.create_base_text_units - chunker progress:  32/50
2026-02-25 09:52:25.0504 - INFO - graphrag.index.workflows.create_base_text_units - chunker progress:  33/50
2026-02-25 09:52:25.0519 - INFO - graphrag.index.workflows.create_base_text_units - chunker progress:  34/50
2026-02-25 09:52:25.0529 - INFO - graphrag.index.workflows.create_base_text_units - chunker progress:  35/50
2026-02-25 09:52:25.0539 - INFO - graphrag.index.workflows.create_base_text_units - chunker progress:  36/50
2026-02-25 09:52:25.0559 - INFO - graphrag.index.workflows.create_base_text_units - chunker progress:  37/50
2026-02-25 09:52:25.0570 - INFO - graphrag.index.workflows.create_base_text_units - chunker progress:  38/50
2026-02-25 09:52:25.0583 - INFO - graphrag.index.workflows.create_base_text_units - chunker progress:  39/50
2026-02-25 09:52:25.0593 - INFO - graphrag.index.workflows.create_base_text_units - chunker progress:  40/50
2026-02-25 09:52:25.0610 - INFO - graphrag.index.workflows.create_base_text_units - chunker progress:  41/50
2026-02-25 09:52:25.0695 - INFO - graphrag.index.workflows.create_base_text_units - chunker progress:  42/50
2026-02-25 09:52:25.0700 - INFO - graphrag.index.workflows.create_base_text_units - chunker progress:  43/50
2026-02-25 09:52:25.0708 - INFO - graphrag.index.workflows.create_base_text_units - chunker progress:  44/50
2026-02-25 09:52:25.0713 - INFO - graphrag.index.workflows.create_base_text_units - chunker progress:  45/50
2026-02-25 09:52:25.0720 - INFO - graphrag.index.workflows.create_base_text_units - chunker progress:  46/50
2026-02-25 09:52:25.0728 - INFO - graphrag.index.workflows.create_base_text_units - chunker progress:  47/50
2026-02-25 09:52:25.0742 - INFO - graphrag.index.workflows.create_base_text_units - chunker progress:  48/50
2026-02-25 09:52:25.0747 - INFO - graphrag.index.workflows.create_base_text_units - chunker progress:  49/50
2026-02-25 09:52:25.0765 - INFO - graphrag.index.workflows.create_base_text_units - chunker progress:  50/50
2026-02-25 09:52:25.0810 - INFO - graphrag.index.workflows.create_base_text_units - Workflow completed: create_base_text_units
2026-02-25 09:52:25.0943 - INFO - graphrag.api.index - Workflow create_base_text_units completed successfully
2026-02-25 09:52:26.0211 - INFO - graphrag.index.workflows.create_final_documents - Workflow started: create_final_documents
2026-02-25 09:52:26.0457 - INFO - graphrag.index.workflows.create_final_documents - Workflow completed: create_final_documents
2026-02-25 09:52:26.0458 - INFO - graphrag.api.index - Workflow create_final_documents completed successfully
2026-02-25 09:52:26.0500 - INFO - graphrag.index.workflows.extract_graph - Workflow started: extract_graph
2026-02-25 09:54:24.0015 - INFO - graphrag.logger.progress - extract graph progress: 1/135
2026-02-25 09:54:43.0587 - INFO - graphrag.logger.progress - extract graph progress: 2/135
2026-02-25 09:54:46.0811 - INFO - graphrag.logger.progress - extract graph progress: 3/135
2026-02-25 09:54:46.0825 - INFO - graphrag.logger.progress - extract graph progress: 4/135
2026-02-25 09:54:59.0094 - INFO - graphrag.logger.progress - extract graph progress: 5/135
2026-02-25 09:55:48.0892 - INFO - graphrag.logger.progress - extract graph progress: 6/135
2026-02-25 09:56:17.0972 - INFO - graphrag.logger.progress - extract graph progress: 7/135
2026-02-25 09:56:23.0214 - INFO - graphrag.logger.progress - extract graph progress: 8/135
2026-02-25 09:56:27.0049 - INFO - graphrag.logger.progress - extract graph progress: 9/135
2026-02-25 09:56:27.0071 - INFO - graphrag.logger.progress - extract graph progress: 10/135
2026-02-25 09:57:31.0558 - INFO - graphrag.logger.progress - extract graph progress: 11/135
2026-02-25 09:57:31.0585 - INFO - graphrag.logger.progress - extract graph progress: 12/135
2026-02-25 09:57:53.0364 - INFO - graphrag.logger.progress - extract graph progress: 13/135
