
> glyphor-company@0.1.0 smoketest
> turbo run build --filter=@glyphor/smoketest && node --env-file=.env packages/smoketest/dist/index.js --layer 5,6,13,18,24

Î“Ă‡Ă³ turbo 2.8.10
Î“Ă‡Ă³ Packages in scope: @glyphor/smoketest
Î“Ă‡Ă³ Running build in 1 packages
Î“Ă‡Ă³ Remote caching disabled
@glyphor/shared:build: cache hit, replaying logs e47cf630a37f6d4e
@glyphor/shared:build: 
@glyphor/shared:build: > @glyphor/shared@0.1.0 build
@glyphor/shared:build: > tsc
@glyphor/shared:build: 
@glyphor/agent-runtime:build: cache hit, replaying logs dacbe3311a3ad833
@glyphor/agent-runtime:build: 
@glyphor/agent-runtime:build: > @glyphor/agent-runtime@0.1.0 build
@glyphor/agent-runtime:build: > tsc
@glyphor/agent-runtime:build: 
@glyphor/company-memory:build: cache hit, replaying logs f5db1ecfec8e50ee
@glyphor/company-memory:build: 
@glyphor/company-memory:build: > @glyphor/company-memory@0.1.0 build
@glyphor/company-memory:build: > tsc
@glyphor/company-memory:build: 
@glyphor/integrations:build: cache hit, replaying logs 72ca564dd98d62db
@glyphor/integrations:build: 
@glyphor/integrations:build: > @glyphor/integrations@0.1.0 build
@glyphor/integrations:build: > tsc
@glyphor/integrations:build: 
@glyphor/agents:build: cache hit, replaying logs 949d9bdd6fbc45ce
@glyphor/agents:build: 
@glyphor/agents:build: > @glyphor/agents@0.1.0 build
@glyphor/agents:build: > tsc
@glyphor/agents:build: 
@glyphor/smoketest:build: cache miss, executing 8566dd7773b85300
@glyphor/smoketest:build: 
@glyphor/smoketest:build: > @glyphor/smoketest@0.1.0 build
@glyphor/smoketest:build: > tsc
@glyphor/smoketest:build: 

 Tasks:    6 successful, 6 total
Cached:    5 cached, 6 total
  Time:    2.931s 

[dotenv@17.3.1] injecting env (0) from .env -- tip: Î“ĂœĂ–âˆ©â••Ă…  enable debug logging with { debug: true }
[Vercel] VERCEL_TEAM_FUSE / VERCEL_TEAM_FUSE_PROJECTS not configured Î“Ă‡Ă¶ Vercel integration disabled
Î“Ă²Ă¶Î“Ă²Ă‰Î“Ă²Ă‰Î“Ă²Ă‰Î“Ă²Ă‰Î“Ă²Ă‰Î“Ă²Ă‰Î“Ă²Ă‰Î“Ă²Ă‰Î“Ă²Ă‰Î“Ă²Ă‰Î“Ă²Ă‰Î“Ă²Ă‰Î“Ă²Ă‰Î“Ă²Ă‰Î“Ă²Ă‰Î“Ă²Ă‰Î“Ă²Ă‰Î“Ă²Ă‰Î“Ă²Ă‰Î“Ă²Ă‰Î“Ă²Ă‰Î“Ă²Ă‰Î“Ă²Ă‰Î“Ă²Ă‰Î“Ă²Ă‰Î“Ă²Ă‰Î“Ă²Ă‰Î“Ă²Ă‰Î“Ă²Ă‰Î“Ă²Ă‰Î“Ă²Ă‰Î“Ă²Ă‰Î“Ă²Ă‰Î“Ă²Ă‰Î“Ă²Ă‰Î“Ă²Ă‰Î“Ă²Ă‰Î“Ă²Ă‰Î“Ă²Ă‰Î“Ă²Ă‰Î“Ă²Ă‰Î“Ă²Ă‰Î“Ă²Ă‰Î“Ă²Ă‰Î“Ă²Ă‰Î“Ă²Ă‰Î“Ă²Ă‰Î“Ă²Ă‰Î“Ă²Ă‰Î“Ă²Ă‰Î“Ă²Ă‰Î“Ă²Ă‰Î“Ă²Ă‰Î“Ă²Ă‰Î“Ă²Ă¹
Î“Ă²Ă¦         Glyphor Architecture Smoke Test Suite       Î“Ă²Ă¦
Î“Ă²ĂœÎ“Ă²Ă‰Î“Ă²Ă‰Î“Ă²Ă‰Î“Ă²Ă‰Î“Ă²Ă‰Î“Ă²Ă‰Î“Ă²Ă‰Î“Ă²Ă‰Î“Ă²Ă‰Î“Ă²Ă‰Î“Ă²Ă‰Î“Ă²Ă‰Î“Ă²Ă‰Î“Ă²Ă‰Î“Ă²Ă‰Î“Ă²Ă‰Î“Ă²Ă‰Î“Ă²Ă‰Î“Ă²Ă‰Î“Ă²Ă‰Î“Ă²Ă‰Î“Ă²Ă‰Î“Ă²Ă‰Î“Ă²Ă‰Î“Ă²Ă‰Î“Ă²Ă‰Î“Ă²Ă‰Î“Ă²Ă‰Î“Ă²Ă‰Î“Ă²Ă‰Î“Ă²Ă‰Î“Ă²Ă‰Î“Ă²Ă‰Î“Ă²Ă‰Î“Ă²Ă‰Î“Ă²Ă‰Î“Ă²Ă‰Î“Ă²Ă‰Î“Ă²Ă‰Î“Ă²Ă‰Î“Ă²Ă‰Î“Ă²Ă‰Î“Ă²Ă‰Î“Ă²Ă‰Î“Ă²Ă‰Î“Ă²Ă‰Î“Ă²Ă‰Î“Ă²Ă‰Î“Ă²Ă‰Î“Ă²Ă‰Î“Ă²Ă‰Î“Ă²Ă‰Î“Ă²Ă‰Î“Ă²Ă‰Î“Ă²Â¥

Running layers: 5, 6, 13, 18, 24
Interactive mode: OFF
Scheduler: https://glyphor-scheduler-610179349713.us-central1.run.app


Î“Ă»â•¢ Starting Layer 5...
