
> glyphor-company@0.1.0 smoketest
> turbo run build --filter=@glyphor/smoketest && node --env-file=.env packages/smoketest/dist/index.js --layer 0

ΓÇó turbo 2.8.10
ΓÇó Packages in scope: @glyphor/smoketest
ΓÇó Running build in 1 packages
ΓÇó Remote caching disabled
@glyphor/shared:build: cache hit, replaying logs e47cf630a37f6d4e
@glyphor/shared:build: 
@glyphor/shared:build: > @glyphor/shared@0.1.0 build
@glyphor/shared:build: > tsc
@glyphor/shared:build: 
@glyphor/agent-runtime:build: cache hit, replaying logs dacbe3311a3ad833
@glyphor/agent-runtime:build: 
@glyphor/agent-runtime:build: > @glyphor/agent-runtime@0.1.0 build
@glyphor/agent-runtime:build: > tsc
@glyphor/agent-runtime:build: 
@glyphor/company-memory:build: cache hit, replaying logs f5db1ecfec8e50ee
@glyphor/company-memory:build: 
@glyphor/company-memory:build: > @glyphor/company-memory@0.1.0 build
@glyphor/company-memory:build: > tsc
@glyphor/company-memory:build: 
@glyphor/integrations:build: cache hit, replaying logs 72ca564dd98d62db
@glyphor/integrations:build: 
@glyphor/integrations:build: > @glyphor/integrations@0.1.0 build
@glyphor/integrations:build: > tsc
@glyphor/integrations:build: 
@glyphor/agents:build: cache hit, replaying logs 949d9bdd6fbc45ce
@glyphor/agents:build: 
@glyphor/agents:build: > @glyphor/agents@0.1.0 build
@glyphor/agents:build: > tsc
@glyphor/agents:build: 
@glyphor/smoketest:build: cache hit, replaying logs d08ba77b55b2202f
@glyphor/smoketest:build: 
@glyphor/smoketest:build: > @glyphor/smoketest@0.1.0 build
@glyphor/smoketest:build: > tsc
@glyphor/smoketest:build: 

 Tasks:    6 successful, 6 total
Cached:    6 cached, 6 total
  Time:    862ms >>> FULL TURBO

[dotenv@17.3.1] injecting env (0) from .env -- tip: ΓÜÖ∩╕Å  specify custom .env file path with { path: '/custom/path/.env' }
[Vercel] VERCEL_TEAM_FUSE / VERCEL_TEAM_FUSE_PROJECTS not configured ΓÇö Vercel integration disabled
ΓòöΓòÉΓòÉΓòÉΓòÉΓòÉΓòÉΓòÉΓòÉΓòÉΓòÉΓòÉΓòÉΓòÉΓòÉΓòÉΓòÉΓòÉΓòÉΓòÉΓòÉΓòÉΓòÉΓòÉΓòÉΓòÉΓòÉΓòÉΓòÉΓòÉΓòÉΓòÉΓòÉΓòÉΓòÉΓòÉΓòÉΓòÉΓòÉΓòÉΓòÉΓòÉΓòÉΓòÉΓòÉΓòÉΓòÉΓòÉΓòÉΓòÉΓòÉΓòÉΓòÉΓòÉΓòÉΓòù
Γòæ         Glyphor Architecture Smoke Test Suite       Γòæ
ΓòÜΓòÉΓòÉΓòÉΓòÉΓòÉΓòÉΓòÉΓòÉΓòÉΓòÉΓòÉΓòÉΓòÉΓòÉΓòÉΓòÉΓòÉΓòÉΓòÉΓòÉΓòÉΓòÉΓòÉΓòÉΓòÉΓòÉΓòÉΓòÉΓòÉΓòÉΓòÉΓòÉΓòÉΓòÉΓòÉΓòÉΓòÉΓòÉΓòÉΓòÉΓòÉΓòÉΓòÉΓòÉΓòÉΓòÉΓòÉΓòÉΓòÉΓòÉΓòÉΓòÉΓòÉΓòÉΓò¥

Running layers: 0
Interactive mode: OFF
Scheduler: https://glyphor-scheduler-610179349713.us-central1.run.app


Γû╢ Starting Layer 0...

ΓòÉΓòÉΓòÉΓòÉΓòÉΓòÉΓòÉΓòÉΓòÉΓòÉΓòÉΓòÉΓòÉΓòÉΓòÉΓòÉΓòÉΓòÉΓòÉΓòÉΓòÉΓòÉΓòÉΓòÉΓòÉΓòÉΓòÉΓòÉΓòÉΓòÉΓòÉΓòÉΓòÉΓòÉΓòÉΓòÉΓòÉΓòÉΓòÉΓòÉΓòÉΓòÉΓòÉΓòÉΓòÉΓòÉΓòÉΓòÉΓòÉΓòÉΓòÉΓòÉΓòÉΓòÉΓòÉΓòÉΓòÉΓòÉΓòÉΓòÉ
Layer 0 ΓÇö Infrastructure Health
ΓòÉΓòÉΓòÉΓòÉΓòÉΓòÉΓòÉΓòÉΓòÉΓòÉΓòÉΓòÉΓòÉΓòÉΓòÉΓòÉΓòÉΓòÉΓòÉΓòÉΓòÉΓòÉΓòÉΓòÉΓòÉΓòÉΓòÉΓòÉΓòÉΓòÉΓòÉΓòÉΓòÉΓòÉΓòÉΓòÉΓòÉΓòÉΓòÉΓòÉΓòÉΓòÉΓòÉΓòÉΓòÉΓòÉΓòÉΓòÉΓòÉΓòÉΓòÉΓòÉΓòÉΓòÉΓòÉΓòÉΓòÉΓòÉΓòÉΓòÉ
  Γ£à T0.1 Cloud Run Services Responding (0.3s)
  Γ£à T0.2 Database Connection (0.1s)
  Γ£à T0.3 Redis Connected (0.1s)
  Γ£à T0.4 GCP Secret Manager (3.6s)
  Γ£à T0.5 Pub/Sub Topic exists (1.9s)
  Γ£à T0.6 Worker Service Responding (0.2s)
  Γ£à T0.7 Cloud Tasks Queues (2.0s)
  Γ£à T0.8 Cloud Storage Bucket (2.5s)
  Γ£à T0.9 Multi-Tenancy Tables (0.2s)

ΓòÉΓòÉΓòÉΓòÉΓòÉΓòÉΓòÉΓòÉΓòÉΓòÉΓòÉΓòÉΓòÉΓòÉΓòÉΓòÉΓòÉΓòÉΓòÉΓòÉΓòÉΓòÉΓòÉΓòÉΓòÉΓòÉΓòÉΓòÉΓòÉΓòÉΓòÉΓòÉΓòÉΓòÉΓòÉΓòÉΓòÉΓòÉΓòÉΓòÉΓòÉΓòÉΓòÉΓòÉΓòÉΓòÉΓòÉΓòÉΓòÉΓòÉΓòÉΓòÉΓòÉΓòÉΓòÉΓòÉΓòÉΓòÉΓòÉΓòÉΓòÉΓòÉΓòÉΓòÉΓòÉΓòÉΓòÉΓòÉΓòÉΓòÉ
RESULTS SUMMARY
ΓòÉΓòÉΓòÉΓòÉΓòÉΓòÉΓòÉΓòÉΓòÉΓòÉΓòÉΓòÉΓòÉΓòÉΓòÉΓòÉΓòÉΓòÉΓòÉΓòÉΓòÉΓòÉΓòÉΓòÉΓòÉΓòÉΓòÉΓòÉΓòÉΓòÉΓòÉΓòÉΓòÉΓòÉΓòÉΓòÉΓòÉΓòÉΓòÉΓòÉΓòÉΓòÉΓòÉΓòÉΓòÉΓòÉΓòÉΓòÉΓòÉΓòÉΓòÉΓòÉΓòÉΓòÉΓòÉΓòÉΓòÉΓòÉΓòÉΓòÉΓòÉΓòÉΓòÉΓòÉΓòÉΓòÉΓòÉΓòÉΓòÉΓòÉ
| Layer                        | Tests | Pass | Fail | Skip | Block |
|------------------------------|-------|------|------|------|-------|
| 0 ΓÇö Infrastructure Health    |    9  |    9  |    0  |    0  |    0  |
|------------------------------|-------|------|------|------|-------|
| TOTAL                        |    9  |    9  |    0  |    0  |    0  |

Γ£à All tests passed!
